<?xml version="1.0" encoding="UTF-8"?>
<!-- Generated by org.testng.reporters.JUnitReportReporter -->
<testsuite hostname="DESKTOP-6O9QQCO" failures="0" tests="1" name="Hachion.Maven.MavenTestprg" time="4.322" errors="0" timestamp="2022-11-08T09:55:10 CST" skipped="0">
  <testcase classname="Hachion.Maven.MavenTestprg" name="Amazon" time="4.322"/>
  <system-out/>
</testsuite> <!-- Hachion.Maven.MavenTestprg -->
